Build started 29-Oct-12 4:05:07 PM.
     1>Project "C:\Users\Dmitry\Documents\Dropbox\My Study\SEM 7\234325 - Computer Graphics\HOMEWORK\hw1\glew\glew.vcxproj" on node 3 (rebuild target(s)).
     1>InitializeBuildStatus:
         Creating "Debug\glew.unsuccessfulbuild" because "AlwaysCreate" was specified.
       ClCompile:
         c:\Program Files\Microsoft Visual Studio 10.0\VC\bin\CL.exe /c /Iinclude/ /ZI /nologo /W3 /WX- /Od /Oy- /D GLEW_STATIC /D _MBCS /Gm /EHsc /RTC1 /MDd /GS /fp:precise /Zc:wchar_t /Zc:forScope /Fo"Debug\\" /Fd"Debug\vc100.pdb" /Gd /TC /analyze- /errorReport:prompt src\glew.c src\glewinfo.c src\visualinfo.c
         visualinfo.c
     1>c:\users\dmitry\documents\dropbox\my study\sem 7\234325 - computer graphics\homework\hw1\glew\src\visualinfo.c(149): warning C4996: 'fopen': This function or variable may be unsafe. Consider using fopen_s instead. To disable deprecation, use _CRT_SECURE_NO_WARNINGS. See online help for details.
                 c:\program files\microsoft visual studio 10.0\vc\include\stdio.h(234) : see declaration of 'fopen'
     1>c:\users\dmitry\documents\dropbox\my study\sem 7\234325 - computer graphics\homework\hw1\glew\src\visualinfo.c(234): warning C4996: 'strcpy': This function or variable may be unsafe. Consider using strcpy_s instead. To disable deprecation, use _CRT_SECURE_NO_WARNINGS. See online help for details.
                 c:\program files\microsoft visual studio 10.0\vc\include\string.h(105) : see declaration of 'strcpy'
         glewinfo.c
     1>c:\users\dmitry\documents\dropbox\my study\sem 7\234325 - computer graphics\homework\hw1\glew\src\glewinfo.c(9133): warning C4996: 'fopen': This function or variable may be unsafe. Consider using fopen_s instead. To disable deprecation, use _CRT_SECURE_NO_WARNINGS. See online help for details.
                 c:\program files\microsoft visual studio 10.0\vc\include\stdio.h(234) : see declaration of 'fopen'
         glew.c
         Generating Code...
     1>C:\Program Files\MSBuild\Microsoft.Cpp\v4.0\Microsoft.CppBuild.targets(1151,5): warning MSB8012: TargetPath(C:\Users\Dmitry\Documents\Dropbox\My Study\SEM 7\234325 - Computer Graphics\HOMEWORK\hw1\Debug\glew.lib) does not match the Library's OutputFile property value (C:\Users\Dmitry\Documents\Dropbox\My Study\SEM 7\234325 - Computer Graphics\HOMEWORK\hw1\glew\lib\glew.lib). This may cause your project to build incorrectly. To correct this, please make sure that $(OutDir), $(TargetName) and $(TargetExt) property values match the value specified in %(Lib.OutputFile).
       Lib:
         c:\Program Files\Microsoft Visual Studio 10.0\VC\bin\Lib.exe /OUT:"lib\glew.lib" /NOLOGO Debug\glew.obj
         Debug\glewinfo.obj
         Debug\visualinfo.obj
     1>glewinfo.obj : warning LNK4006: _main already defined in visualinfo.obj; second definition ignored
         glew.vcxproj -> C:\Users\Dmitry\Documents\Dropbox\My Study\SEM 7\234325 - Computer Graphics\HOMEWORK\hw1\Debug\glew.lib
       FinalizeBuildStatus:
         Deleting file "Debug\glew.unsuccessfulbuild".
         Touching "Debug\glew.lastbuildstate".
     1>Done Building Project "C:\Users\Dmitry\Documents\Dropbox\My Study\SEM 7\234325 - Computer Graphics\HOMEWORK\hw1\glew\glew.vcxproj" (rebuild target(s)).

Build succeeded.

Time Elapsed 00:00:03.27
